<?xml version="1.0" encoding="UTF-8"?>
<testng-results skipped="0" failed="0" ignored="0" total="1" passed="1">
  <reporter-output>
  </reporter-output>
  <suite name="Default suite" duration-ms="8623" started-at="2021-02-26T15:53:04 IST" finished-at="2021-02-26T15:53:13 IST">
    <groups>
    </groups>
    <test name="Default test" duration-ms="8623" started-at="2021-02-26T15:53:04 IST" finished-at="2021-02-26T15:53:13 IST">
      <class name="RestAssured.RestAssuredTest7">
        <test-method status="PASS" signature="getRequest()[pri:0, instance:RestAssured.RestAssuredTest7@64cd705f]" name="getRequest" duration-ms="8496" started-at="2021-02-26T15:53:05 IST" finished-at="2021-02-26T15:53:13 IST">
          <reporter-output>
          </reporter-output>
        </test-method> <!-- getRequest -->
      </class> <!-- RestAssured.RestAssuredTest7 -->
    </test> <!-- Default test -->
  </suite> <!-- Default suite -->
</testng-results>
